<?xml version="1.0" encoding="UTF-8"?>
<testng-results total="3" passed="3" failed="0" skipped="0">
  <reporter-output>
  </reporter-output>
  <suite started-at="2022-02-15T07:20:25Z" name="Suite" finished-at="2022-02-15T07:20:51Z" duration-ms="25564">
    <groups>
    </groups>
    <test started-at="2022-02-15T07:20:25Z" name="Test" finished-at="2022-02-15T07:20:51Z" duration-ms="25564">
      <class name="com.TestLayer.LoginPageTest">
        <test-method is-config="true" signature="setup()[pri:0, instance:com.TestLayer.LoginPageTest@6f44a157]" started-at="2022-02-15T12:50:25Z" name="setup" finished-at="2022-02-15T12:50:43Z" duration-ms="17899" status="PASS">
          <reporter-output>
          </reporter-output>
        </test-method> <!-- setup -->
        <test-method signature="DisplayedUser()[pri:0, instance:com.TestLayer.LoginPageTest@6f44a157]" started-at="2022-02-15T12:50:43Z" name="DisplayedUser" finished-at="2022-02-15T12:50:43Z" duration-ms="134" status="PASS">
          <reporter-output>
          </reporter-output>
        </test-method> <!-- DisplayedUser -->
        <test-method signature="DisplayedPass()[pri:0, instance:com.TestLayer.LoginPageTest@6f44a157]" started-at="2022-02-15T12:50:43Z" name="DisplayedPass" finished-at="2022-02-15T12:50:44Z" duration-ms="1000" status="PASS">
          <reporter-output>
          </reporter-output>
        </test-method> <!-- DisplayedPass -->
        <test-method signature="Loginbtn()[pri:0, instance:com.TestLayer.LoginPageTest@6f44a157]" started-at="2022-02-15T12:50:44Z" name="Loginbtn" finished-at="2022-02-15T12:50:51Z" duration-ms="6459" status="PASS">
          <reporter-output>
          </reporter-output>
        </test-method> <!-- Loginbtn -->
        <test-method is-config="true" signature="tearDown()[pri:0, instance:com.TestLayer.LoginPageTest@6f44a157]" started-at="2022-02-15T12:50:51Z" name="tearDown" finished-at="2022-02-15T12:50:51Z" duration-ms="60" status="PASS">
          <reporter-output>
          </reporter-output>
        </test-method> <!-- tearDown -->
      </class> <!-- com.TestLayer.LoginPageTest -->
    </test> <!-- Test -->
  </suite> <!-- Suite -->
</testng-results>
