<?xml version="1.0" encoding="UTF-8"?>
<!-- Generated by org.testng.reporters.JUnitXMLReporter -->
<testsuite hostname="PDC-DNN-43" failures="0" tests="3" name="Login Page Test" time="12.215" errors="0" timestamp="3 Feb 2022 09:57:24 GMT">
  <testcase classname="com.TestLayer.LoginPageTest" name="DisplayedUser" time="0.136"/>
  <testcase classname="com.TestLayer.LoginPageTest" name="DisplayedPass" time="0.346"/>
  <testcase classname="com.TestLayer.LoginPageTest" name="Loginbtn" time="4.828"/>
</testsuite> <!-- Login Page Test -->
