<?xml version="1.0" encoding="UTF-8"?>
<!-- Generated by org.testng.reporters.JUnitXMLReporter -->
<testsuite hostname="PDC-DNN-43" failures="0" tests="3" name="PIM Page Test" time="11.776" errors="0" timestamp="3 Feb 2022 09:53:27 GMT">
  <testcase classname="com.TestLayer.LoginPageTest" name="DisplayedUser" time="0.151"/>
  <testcase classname="com.TestLayer.LoginPageTest" name="DisplayedPass" time="0.368"/>
  <testcase classname="com.TestLayer.LoginPageTest" name="Loginbtn" time="4.788"/>
</testsuite> <!-- PIM Page Test -->
