<?xml version="1.0" encoding="UTF-8"?>
<!-- Generated by org.testng.reporters.JUnitXMLReporter -->
<testsuite hostname="PDC-DNN-43" failures="0" tests="3" name="Test" time="17.902" errors="0" timestamp="2 Feb 2022 15:58:44 GMT">
  <testcase classname="com.TestLayer.LoginPageTest" name="DisplayedUser" time="0.136"/>
  <testcase classname="com.TestLayer.LoginPageTest" name="DisplayedPass" time="0.094"/>
  <testcase classname="com.TestLayer.LoginPageTest" name="Loginbtn" time="6.755"/>
</testsuite> <!-- Test -->
