<?xml version="1.0" encoding="UTF-8"?>
<!-- Generated by org.testng.reporters.JUnitXMLReporter -->
<testsuite hostname="PDC-DNN-43" failures="0" tests="3" name="Default test" time="13.169" errors="0" timestamp="3 Feb 2022 09:42:40 GMT">
  <testcase classname="com.TestLayer.LoginPageTest" name="DisplayedUser" time="0.155"/>
  <testcase classname="com.TestLayer.LoginPageTest" name="DisplayedPass" time="0.603"/>
  <testcase classname="com.TestLayer.LoginPageTest" name="Loginbtn" time="5.12"/>
</testsuite> <!-- Default test -->
